{"level":"error","message":{"errorMessage":"this.userRepository.findBEmail is not a function","level":"error","timestamp":"Mon May 27 2024 15:45:11 GMT+0530 (India Standard Time)"}}
{"level":"error","message":{"errorMessage":"this.userRepository.findBEmail is not a function","level":"error","timestamp":"Mon May 27 2024 15:49:50 GMT+0530 (India Standard Time)"}}
{"level":"error","message":{"errorMessage":"Something went wrong with database","level":"error","timestamp":"Tue May 28 2024 00:45:52 GMT+0530 (India Standard Time)"}}
{"level":"error","message":{"errorMessage":"Something went wrong with database","level":"error","timestamp":"Tue May 28 2024 01:10:31 GMT+0530 (India Standard Time)"}}
{"level":"error","message":{"errorMessage":"Something went wrong with database","level":"error","timestamp":"Tue May 28 2024 01:11:04 GMT+0530 (India Standard Time)"}}
{"level":"error","message":{"errorMessage":"Something went wrong with database","level":"error","timestamp":"Tue May 28 2024 01:14:58 GMT+0530 (India Standard Time)"}}
{"level":"error","message":{"errorMessage":"Something went wrong with database","level":"error","timestamp":"Tue May 28 2024 01:15:09 GMT+0530 (India Standard Time)"}}
{"level":"error","message":{"errorMessage":"Something went wrong with database","level":"error","timestamp":"Tue May 28 2024 01:17:37 GMT+0530 (India Standard Time)"}}
{"level":"error","message":{"errorMessage":"Something went wrong with database","level":"error","timestamp":"Tue May 28 2024 01:18:23 GMT+0530 (India Standard Time)"}}
{"level":"error","message":{"errorMessage":"Something went wrong with database","level":"error","timestamp":"Tue May 28 2024 01:18:48 GMT+0530 (India Standard Time)"}}
{"level":"error","message":{"errorMessage":"Something went wrong with database","level":"error","timestamp":"Tue May 28 2024 01:21:59 GMT+0530 (India Standard Time)"}}
{"level":"error","message":{"errorMessage":"Cannot set headers after they are sent to the client","level":"error","timestamp":"Tue May 28 2024 01:23:27 GMT+0530 (India Standard Time)"}}
{"level":"error","message":{"errorMessage":"Something went wrong with database","level":"error","timestamp":"Tue May 28 2024 01:25:24 GMT+0530 (India Standard Time)"}}
{"level":"error","message":{"errorMessage":"Something went wrong with database","level":"error","timestamp":"Tue May 28 2024 01:35:30 GMT+0530 (India Standard Time)"}}
{"level":"error","message":{"errorMessage":"Something went wrong with database","level":"error","timestamp":"Tue May 28 2024 01:39:33 GMT+0530 (India Standard Time)"}}
{"level":"error","message":{"errorMessage":"Something went wrong with database","level":"error","timestamp":"Tue May 28 2024 01:41:00 GMT+0530 (India Standard Time)"}}
{"level":"error","message":{"errorMessage":"Something went wrong with database","level":"error","timestamp":"Tue May 28 2024 01:41:40 GMT+0530 (India Standard Time)"}}
{"level":"error","message":{"errorMessage":"Something went wrong with database","level":"error","timestamp":"Tue May 28 2024 01:42:34 GMT+0530 (India Standard Time)"}}
{"level":"error","message":{"errorMessage":"Something went wrong with database","level":"error","timestamp":"Tue May 28 2024 01:45:46 GMT+0530 (India Standard Time)"}}
{"level":"error","message":{"errorMessage":"Something went wrong with database","level":"error","timestamp":"Tue May 28 2024 01:47:17 GMT+0530 (India Standard Time)"}}
{"level":"error","message":{"errorMessage":"Something went wrong with database","level":"error","timestamp":"Tue May 28 2024 01:48:06 GMT+0530 (India Standard Time)"}}
{"level":"error","message":{"errorMessage":"Something went wrong with database","level":"error","timestamp":"Wed May 29 2024 00:38:20 GMT+0530 (India Standard Time)"}}
{"level":"error","message":{"errorMessage":"Something went wrong with database","level":"error","timestamp":"Wed May 29 2024 00:39:17 GMT+0530 (India Standard Time)"}}
{"level":"error","message":{"errorMessage":"Something went wrong with database","level":"error","timestamp":"Wed May 29 2024 00:39:32 GMT+0530 (India Standard Time)"}}
{"level":"error","message":{"errorMessage":"Something went wrong with database","level":"error","timestamp":"Wed May 29 2024 00:41:17 GMT+0530 (India Standard Time)"}}
{"level":"error","message":{"errorMessage":"Something went wrong with database","level":"error","timestamp":"Wed May 29 2024 00:43:49 GMT+0530 (India Standard Time)"}}
{"level":"error","message":{"errorMessage":"Something went wrong with database","level":"error","timestamp":"Wed May 29 2024 00:46:17 GMT+0530 (India Standard Time)"}}
{"level":"error","message":{"errorMessage":"Something went wrong with database","level":"error","timestamp":"Wed May 29 2024 00:49:03 GMT+0530 (India Standard Time)"}}
{"level":"error","message":{"errorMessage":"Something went wrong with database","level":"error","timestamp":"Wed May 29 2024 00:49:09 GMT+0530 (India Standard Time)"}}
{"level":"error","message":{"errorMessage":"Unrecognized pipeline stage name: '$addField'","level":"error","timestamp":"Tue Jun 04 2024 16:19:41 GMT+0530 (India Standard Time)"}}
{"level":"error","message":{"errorMessage":"unknown top level operator: $userId. If you have a field name that starts with a '$' symbol, consider using $getField or $setField.","level":"error","timestamp":"Tue Jun 04 2024 16:20:07 GMT+0530 (India Standard Time)"}}
{"level":"error","message":{"errorMessage":"unknown top level operator: $userId. If you have a field name that starts with a '$' symbol, consider using $getField or $setField.","level":"error","timestamp":"Tue Jun 04 2024 16:20:51 GMT+0530 (India Standard Time)"}}
{"level":"error","message":{"errorMessage":"unknown top level operator: $userId. If you have a field name that starts with a '$' symbol, consider using $getField or $setField.","level":"error","timestamp":"Tue Jun 04 2024 16:22:18 GMT+0530 (India Standard Time)"}}
{"level":"error","message":{"errorMessage":"unknown top level operator: $userId. If you have a field name that starts with a '$' symbol, consider using $getField or $setField.","level":"error","timestamp":"Tue Jun 04 2024 16:23:09 GMT+0530 (India Standard Time)"}}
{"level":"error","message":{"errorMessage":"errorHandlerMiddleware is not defined","level":"error","timestamp":"Tue Jun 04 2024 17:22:34 GMT+0530 (India Standard Time)"}}
{"level":"error","message":{"errorMessage":"errorHandlerMiddleware is not defined","level":"error","timestamp":"Tue Jun 04 2024 17:22:52 GMT+0530 (India Standard Time)"}}
{"level":"error","message":{"errorMessage":"errorHandlerMiddleware is not defined","level":"error","timestamp":"Tue Jun 04 2024 17:23:30 GMT+0530 (India Standard Time)"}}
{"level":"error","message":{"errorMessage":"errorHandlerMiddleware is not defined","level":"error","timestamp":"Tue Jun 04 2024 17:24:10 GMT+0530 (India Standard Time)"}}
{"level":"error","message":{"errorMessage":"errorHandlerMiddleware is not defined","level":"error","timestamp":"Tue Jun 04 2024 17:26:22 GMT+0530 (India Standard Time)"}}
{"level":"error","message":{"errorMessage":"errorHandlerMiddleware is not defined","level":"error","timestamp":"Tue Jun 04 2024 23:39:45 GMT+0530 (India Standard Time)"}}
{"level":"error","message":{"errorMessage":"errorHandlerMiddleware is not defined","level":"error","timestamp":"Tue Jun 04 2024 23:40:22 GMT+0530 (India Standard Time)"}}
{"level":"error","message":{"errorMessage":"Something went wrong with database","level":"error","timestamp":"Tue Jun 04 2024 23:42:07 GMT+0530 (India Standard Time)"}}
{"level":"error","message":{"errorMessage":"Something went wrong with database","level":"error","timestamp":"Tue Jun 04 2024 23:53:31 GMT+0530 (India Standard Time)"}}
{"level":"error","message":{"errorMessage":"Something went wrong with database","level":"error","timestamp":"Wed Jun 05 2024 00:23:55 GMT+0530 (India Standard Time)"}}
{"level":"error","message":{"errorMessage":"Something went wrong with database","level":"error","timestamp":"Fri Jun 07 2024 23:32:58 GMT+0530 (India Standard Time)"}}
{"level":"error","message":{"errorMessage":"Something went wrong with database","level":"error","timestamp":"Fri Jun 07 2024 23:34:23 GMT+0530 (India Standard Time)"}}
{"level":"error","message":{"errorMessage":"Something went wrong with database","level":"error","timestamp":"Sat Jun 08 2024 09:53:38 GMT+0530 (India Standard Time)"}}
{"level":"error","message":{"errorMessage":"Something went wrong with database","level":"error","timestamp":"Sun Jun 09 2024 01:08:35 GMT+0530 (India Standard Time)"}}
{"level":"error","message":{"errorMessage":"Something went wrong with database","level":"error","timestamp":"Sun Jun 09 2024 01:10:40 GMT+0530 (India Standard Time)"}}
{"level":"error","message":{"errorMessage":"Something went wrong with database","level":"error","timestamp":"Thu Jun 13 2024 00:11:53 GMT+0530 (India Standard Time)"}}
{"level":"error","message":{"errorMessage":"Something went wrong with database","level":"error","timestamp":"Thu Jun 13 2024 00:12:37 GMT+0530 (India Standard Time)"}}
{"level":"error","message":{"errorMessage":"mongoose is not defined","level":"error","timestamp":"Thu Jun 13 2024 17:53:01 GMT+0530 (India Standard Time)"}}
{"level":"error","message":{"errorMessage":"Right-hand side of 'instanceof' is not an object","level":"error","timestamp":"Thu Jun 13 2024 17:54:57 GMT+0530 (India Standard Time)"}}
{"level":"error","message":{"errorMessage":"Right-hand side of 'instanceof' is not an object","level":"error","timestamp":"Thu Jun 13 2024 17:57:10 GMT+0530 (India Standard Time)"}}
{"level":"error","message":{"errorMessage":"Right-hand side of 'instanceof' is not an object","level":"error","timestamp":"Thu Jun 13 2024 21:52:40 GMT+0530 (India Standard Time)"}}
{"level":"error","message":{"errorMessage":"Right-hand side of 'instanceof' is not an object","level":"error","timestamp":"Thu Jun 13 2024 21:53:31 GMT+0530 (India Standard Time)"}}
{"level":"error","message":{"errorMessage":"Right-hand side of 'instanceof' is not an object","level":"error","timestamp":"Thu Jun 13 2024 21:53:43 GMT+0530 (India Standard Time)"}}
{"level":"error","message":{"errorMessage":"Right-hand side of 'instanceof' is not an object","level":"error","timestamp":"Thu Jun 13 2024 21:55:58 GMT+0530 (India Standard Time)"}}
{"level":"error","message":{"errorMessage":"Right-hand side of 'instanceof' is not an object","level":"error","timestamp":"Thu Jun 13 2024 21:56:54 GMT+0530 (India Standard Time)"}}
{"level":"error","message":{"errorMessage":"Right-hand side of 'instanceof' is not an object","level":"error","timestamp":"Thu Jun 13 2024 21:57:38 GMT+0530 (India Standard Time)"}}
{"level":"error","message":{"errorMessage":"Right-hand side of 'instanceof' is not an object","level":"error","timestamp":"Thu Jun 13 2024 21:57:58 GMT+0530 (India Standard Time)"}}
{"level":"error","message":{"errorMessage":"Right-hand side of 'instanceof' is not an object","level":"error","timestamp":"Thu Jun 13 2024 21:58:22 GMT+0530 (India Standard Time)"}}
{"level":"error","message":{"errorMessage":"Right-hand side of 'instanceof' is not an object","level":"error","timestamp":"Thu Jun 13 2024 22:23:18 GMT+0530 (India Standard Time)"}}
{"level":"error","message":{"errorMessage":"Right-hand side of 'instanceof' is not an object","level":"error","timestamp":"Thu Jun 13 2024 22:24:01 GMT+0530 (India Standard Time)"}}
{"level":"error","message":{"errorMessage":"Right-hand side of 'instanceof' is not an object","level":"error","timestamp":"Thu Jun 13 2024 22:24:56 GMT+0530 (India Standard Time)"}}
{"level":"error","message":{"errorMessage":"Right-hand side of 'instanceof' is not an object","level":"error","timestamp":"Thu Jun 13 2024 22:26:21 GMT+0530 (India Standard Time)"}}
{"level":"error","message":{"errorMessage":"Right-hand side of 'instanceof' is not an object","level":"error","timestamp":"Thu Jun 13 2024 22:28:29 GMT+0530 (India Standard Time)"}}
{"level":"error","message":{"errorMessage":"Something went wrong with database","level":"error","timestamp":"Sat Jun 15 2024 00:26:20 GMT+0530 (India Standard Time)"}}
{"level":"error","message":{"errorMessage":"Something went wrong with database","level":"error","timestamp":"Sat Jun 15 2024 00:26:59 GMT+0530 (India Standard Time)"}}
{"level":"error","message":{"errorMessage":"Something went wrong with database","level":"error","timestamp":"Sat Jun 15 2024 00:34:52 GMT+0530 (India Standard Time)"}}
